{
  meta: {
    error: UnauthenticatedError: authentication invalid
        at authenticateUser (file:///D:/Coding/nodejs/jobify/src/middleware/authentication.js:9:26)
        at newFn (D:\Coding\nodejs\jobify\node_modules\express-async-errors\index.js:16:20)
        at Layer.handle [as handle_request] (D:\Coding\nodejs\jobify\node_modules\express\lib\router\layer.js:95:5)
        at trim_prefix (D:\Coding\nodejs\jobify\node_modules\express\lib\router\index.js:328:13)
        at D:\Coding\nodejs\jobify\node_modules\express\lib\router\index.js:286:9
        at Function.process_params (D:\Coding\nodejs\jobify\node_modules\express\lib\router\index.js:346:12)
        at next (D:\Coding\nodejs\jobify\node_modules\express\lib\router\index.js:280:10)
        at Function.handle (D:\Coding\nodejs\jobify\node_modules\express\lib\router\index.js:175:3)
        at router (D:\Coding\nodejs\jobify\node_modules\express\lib\router\index.js:47:12)
        at newFn (D:\Coding\nodejs\jobify\node_modules\express-async-errors\index.js:16:20) {
      statusCode: 401
    },
    level: 'error',
    message: 'uncaughtException: authentication invalid\n' +
      'UnauthenticatedError: authentication invalid\n' +
      '    at authenticateUser (file:///D:/Coding/nodejs/jobify/src/middleware/authentication.js:9:26)\n' +
      '    at newFn (D:\\Coding\\nodejs\\jobify\\node_modules\\express-async-errors\\index.js:16:20)\n' +
      '    at Layer.handle [as handle_request] (D:\\Coding\\nodejs\\jobify\\node_modules\\express\\lib\\router\\layer.js:95:5)\n' +
      '    at trim_prefix (D:\\Coding\\nodejs\\jobify\\node_modules\\express\\lib\\router\\index.js:328:13)\n' +
      '    at D:\\Coding\\nodejs\\jobify\\node_modules\\express\\lib\\router\\index.js:286:9\n' +
      '    at Function.process_params (D:\\Coding\\nodejs\\jobify\\node_modules\\express\\lib\\router\\index.js:346:12)\n' +
      '    at next (D:\\Coding\\nodejs\\jobify\\node_modules\\express\\lib\\router\\index.js:280:10)\n' +
      '    at Function.handle (D:\\Coding\\nodejs\\jobify\\node_modules\\express\\lib\\router\\index.js:175:3)\n' +
      '    at router (D:\\Coding\\nodejs\\jobify\\node_modules\\express\\lib\\router\\index.js:47:12)\n' +
      '    at newFn (D:\\Coding\\nodejs\\jobify\\node_modules\\express-async-errors\\index.js:16:20)',
    stack: 'UnauthenticatedError: authentication invalid\n' +
      '    at authenticateUser (file:///D:/Coding/nodejs/jobify/src/middleware/authentication.js:9:26)\n' +
      '    at newFn (D:\\Coding\\nodejs\\jobify\\node_modules\\express-async-errors\\index.js:16:20)\n' +
      '    at Layer.handle [as handle_request] (D:\\Coding\\nodejs\\jobify\\node_modules\\express\\lib\\router\\layer.js:95:5)\n' +
      '    at trim_prefix (D:\\Coding\\nodejs\\jobify\\node_modules\\express\\lib\\router\\index.js:328:13)\n' +
      '    at D:\\Coding\\nodejs\\jobify\\node_modules\\express\\lib\\router\\index.js:286:9\n' +
      '    at Function.process_params (D:\\Coding\\nodejs\\jobify\\node_modules\\express\\lib\\router\\index.js:346:12)\n' +
      '    at next (D:\\Coding\\nodejs\\jobify\\node_modules\\express\\lib\\router\\index.js:280:10)\n' +
      '    at Function.handle (D:\\Coding\\nodejs\\jobify\\node_modules\\express\\lib\\router\\index.js:175:3)\n' +
      '    at router (D:\\Coding\\nodejs\\jobify\\node_modules\\express\\lib\\router\\index.js:47:12)\n' +
      '    at newFn (D:\\Coding\\nodejs\\jobify\\node_modules\\express-async-errors\\index.js:16:20)',
    exception: true,
    date: 'Fri Jan 12 2024 21:53:56 GMT+0700 (Indochina Time)',
    process: {
      pid: 18996,
      uid: null,
      gid: null,
      cwd: 'D:\\Coding\\nodejs\\jobify',
      execPath: 'C:\\Users\\Acer\\scoop\\apps\\nvm\\current\\nodejs\\nodejs\\node.exe',
      version: 'v18.19.0',
      argv: [
        'C:\\Users\\Acer\\scoop\\apps\\nvm\\current\\nodejs\\nodejs\\node.exe',
        'D:\\Coding\\nodejs\\jobify\\src\\server.js'
      ],
      memoryUsage: {
        rss: 71065600,
        heapTotal: 28549120,
        heapUsed: 26205168,
        external: 20012837,
        arrayBuffers: 18353040
      }
    },
    os: { loadavg: [ 0, 0, 0 ], uptime: 798988.062 },
    trace: [
      {
        column: 26,
        file: 'file:///D:/Coding/nodejs/jobify/src/middleware/authentication.js',
        function: 'authenticateUser',
        line: 9,
        method: null,
        native: false
      },
      {
        column: 20,
        file: 'D:\\Coding\\nodejs\\jobify\\node_modules\\express-async-errors\\index.js',
        function: 'newFn',
        line: 16,
        method: null,
        native: false
      },
      {
        column: 5,
        file: 'D:\\Coding\\nodejs\\jobify\\node_modules\\express\\lib\\router\\layer.js',
        function: 'Layer.handle [as handle_request]',
        line: 95,
        method: 'handle [as handle_request]',
        native: false
      },
      {
        column: 13,
        file: 'D:\\Coding\\nodejs\\jobify\\node_modules\\express\\lib\\router\\index.js',
        function: 'trim_prefix',
        line: 328,
        method: null,
        native: false
      },
      {
        column: 9,
        file: 'D:\\Coding\\nodejs\\jobify\\node_modules\\express\\lib\\router\\index.js',
        function: null,
        line: 286,
        method: null,
        native: false
      },
      {
        column: 12,
        file: 'D:\\Coding\\nodejs\\jobify\\node_modules\\express\\lib\\router\\index.js',
        function: 'Function.process_params',
        line: 346,
        method: 'process_params',
        native: false
      },
      {
        column: 10,
        file: 'D:\\Coding\\nodejs\\jobify\\node_modules\\express\\lib\\router\\index.js',
        function: 'next',
        line: 280,
        method: null,
        native: false
      },
      {
        column: 3,
        file: 'D:\\Coding\\nodejs\\jobify\\node_modules\\express\\lib\\router\\index.js',
        function: 'Function.handle',
        line: 175,
        method: 'handle',
        native: false
      },
      {
        column: 12,
        file: 'D:\\Coding\\nodejs\\jobify\\node_modules\\express\\lib\\router\\index.js',
        function: 'router',
        line: 47,
        method: null,
        native: false
      },
      {
        column: 20,
        file: 'D:\\Coding\\nodejs\\jobify\\node_modules\\express-async-errors\\index.js',
        function: 'newFn',
        line: 16,
        method: null,
        native: false
      }
    ],
    req: {
      url: '/api/v1/jobs?status=all&jobType=all&sort=latest&page=1&limit=10',
      headers: {
        host: 'localhost:5100',
        connection: 'keep-alive',
        'sec-ch-ua': '"Not_A Brand";v="8", "Chromium";v="120", "Google Chrome";v="120"',
        accept: '*/*',
        'sec-ch-ua-mobile': '?0',
        'user-agent': 'Mozilla/5.0 (Windows NT 10.0; Win64; x64) AppleWebKit/537.36 (KHTML, like Gecko) Chrome/120.0.0.0 Safari/537.36',
        'sec-ch-ua-platform': '"Windows"',
        'sec-fetch-site': 'same-origin',
        'sec-fetch-mode': 'cors',
        'sec-fetch-dest': 'empty',
        'accept-encoding': 'gzip, deflate, br',
        'accept-language': 'en-US,en;q=0.9,vi;q=0.8'
      },
      method: 'GET',
      httpVersion: '1.1',
      originalUrl: '/api/v1/jobs?status=all&jobType=all&sort=latest&page=1&limit=10',
      query: {
        status: 'all',
        jobType: 'all',
        sort: 'latest',
        page: '1',
        limit: '10'
      }
    }
  },
  level: 'error',
  message: 'middlewareError',
  timestamp: '1/12/2024, 9:53:38 P1'
}
{
  meta: {
    error: UnauthenticatedError: authentication invalid
        at authenticateUser (file:///D:/Coding/nodejs/jobify/src/middleware/authentication.js:9:26)
        at newFn (D:\Coding\nodejs\jobify\node_modules\express-async-errors\index.js:16:20)
        at Layer.handle [as handle_request] (D:\Coding\nodejs\jobify\node_modules\express\lib\router\layer.js:95:5)
        at trim_prefix (D:\Coding\nodejs\jobify\node_modules\express\lib\router\index.js:328:13)
        at D:\Coding\nodejs\jobify\node_modules\express\lib\router\index.js:286:9
        at Function.process_params (D:\Coding\nodejs\jobify\node_modules\express\lib\router\index.js:346:12)
        at next (D:\Coding\nodejs\jobify\node_modules\express\lib\router\index.js:280:10)
        at Function.handle (D:\Coding\nodejs\jobify\node_modules\express\lib\router\index.js:175:3)
        at router (D:\Coding\nodejs\jobify\node_modules\express\lib\router\index.js:47:12)
        at newFn (D:\Coding\nodejs\jobify\node_modules\express-async-errors\index.js:16:20) {
      statusCode: 401
    },
    level: 'error',
    message: 'uncaughtException: authentication invalid\n' +
      'UnauthenticatedError: authentication invalid\n' +
      '    at authenticateUser (file:///D:/Coding/nodejs/jobify/src/middleware/authentication.js:9:26)\n' +
      '    at newFn (D:\\Coding\\nodejs\\jobify\\node_modules\\express-async-errors\\index.js:16:20)\n' +
      '    at Layer.handle [as handle_request] (D:\\Coding\\nodejs\\jobify\\node_modules\\express\\lib\\router\\layer.js:95:5)\n' +
      '    at trim_prefix (D:\\Coding\\nodejs\\jobify\\node_modules\\express\\lib\\router\\index.js:328:13)\n' +
      '    at D:\\Coding\\nodejs\\jobify\\node_modules\\express\\lib\\router\\index.js:286:9\n' +
      '    at Function.process_params (D:\\Coding\\nodejs\\jobify\\node_modules\\express\\lib\\router\\index.js:346:12)\n' +
      '    at next (D:\\Coding\\nodejs\\jobify\\node_modules\\express\\lib\\router\\index.js:280:10)\n' +
      '    at Function.handle (D:\\Coding\\nodejs\\jobify\\node_modules\\express\\lib\\router\\index.js:175:3)\n' +
      '    at router (D:\\Coding\\nodejs\\jobify\\node_modules\\express\\lib\\router\\index.js:47:12)\n' +
      '    at newFn (D:\\Coding\\nodejs\\jobify\\node_modules\\express-async-errors\\index.js:16:20)',
    stack: 'UnauthenticatedError: authentication invalid\n' +
      '    at authenticateUser (file:///D:/Coding/nodejs/jobify/src/middleware/authentication.js:9:26)\n' +
      '    at newFn (D:\\Coding\\nodejs\\jobify\\node_modules\\express-async-errors\\index.js:16:20)\n' +
      '    at Layer.handle [as handle_request] (D:\\Coding\\nodejs\\jobify\\node_modules\\express\\lib\\router\\layer.js:95:5)\n' +
      '    at trim_prefix (D:\\Coding\\nodejs\\jobify\\node_modules\\express\\lib\\router\\index.js:328:13)\n' +
      '    at D:\\Coding\\nodejs\\jobify\\node_modules\\express\\lib\\router\\index.js:286:9\n' +
      '    at Function.process_params (D:\\Coding\\nodejs\\jobify\\node_modules\\express\\lib\\router\\index.js:346:12)\n' +
      '    at next (D:\\Coding\\nodejs\\jobify\\node_modules\\express\\lib\\router\\index.js:280:10)\n' +
      '    at Function.handle (D:\\Coding\\nodejs\\jobify\\node_modules\\express\\lib\\router\\index.js:175:3)\n' +
      '    at router (D:\\Coding\\nodejs\\jobify\\node_modules\\express\\lib\\router\\index.js:47:12)\n' +
      '    at newFn (D:\\Coding\\nodejs\\jobify\\node_modules\\express-async-errors\\index.js:16:20)',
    exception: true,
    date: 'Fri Jan 12 2024 21:56:03 GMT+0700 (Indochina Time)',
    process: {
      pid: 9836,
      uid: null,
      gid: null,
      cwd: 'D:\\Coding\\nodejs\\jobify',
      execPath: 'C:\\Users\\Acer\\scoop\\apps\\nvm\\current\\nodejs\\nodejs\\node.exe',
      version: 'v18.19.0',
      argv: [
        'C:\\Users\\Acer\\scoop\\apps\\nvm\\current\\nodejs\\nodejs\\node.exe',
        'D:\\Coding\\nodejs\\jobify\\src\\server.js'
      ],
      memoryUsage: {
        rss: 70434816,
        heapTotal: 28549120,
        heapUsed: 25088280,
        external: 19963268,
        arrayBuffers: 18303471
      }
    },
    os: { loadavg: [ 0, 0, 0 ], uptime: 799115.281 },
    trace: [
      {
        column: 26,
        file: 'file:///D:/Coding/nodejs/jobify/src/middleware/authentication.js',
        function: 'authenticateUser',
        line: 9,
        method: null,
        native: false
      },
      {
        column: 20,
        file: 'D:\\Coding\\nodejs\\jobify\\node_modules\\express-async-errors\\index.js',
        function: 'newFn',
        line: 16,
        method: null,
        native: false
      },
      {
        column: 5,
        file: 'D:\\Coding\\nodejs\\jobify\\node_modules\\express\\lib\\router\\layer.js',
        function: 'Layer.handle [as handle_request]',
        line: 95,
        method: 'handle [as handle_request]',
        native: false
      },
      {
        column: 13,
        file: 'D:\\Coding\\nodejs\\jobify\\node_modules\\express\\lib\\router\\index.js',
        function: 'trim_prefix',
        line: 328,
        method: null,
        native: false
      },
      {
        column: 9,
        file: 'D:\\Coding\\nodejs\\jobify\\node_modules\\express\\lib\\router\\index.js',
        function: null,
        line: 286,
        method: null,
        native: false
      },
      {
        column: 12,
        file: 'D:\\Coding\\nodejs\\jobify\\node_modules\\express\\lib\\router\\index.js',
        function: 'Function.process_params',
        line: 346,
        method: 'process_params',
        native: false
      },
      {
        column: 10,
        file: 'D:\\Coding\\nodejs\\jobify\\node_modules\\express\\lib\\router\\index.js',
        function: 'next',
        line: 280,
        method: null,
        native: false
      },
      {
        column: 3,
        file: 'D:\\Coding\\nodejs\\jobify\\node_modules\\express\\lib\\router\\index.js',
        function: 'Function.handle',
        line: 175,
        method: 'handle',
        native: false
      },
      {
        column: 12,
        file: 'D:\\Coding\\nodejs\\jobify\\node_modules\\express\\lib\\router\\index.js',
        function: 'router',
        line: 47,
        method: null,
        native: false
      },
      {
        column: 20,
        file: 'D:\\Coding\\nodejs\\jobify\\node_modules\\express-async-errors\\index.js',
        function: 'newFn',
        line: 16,
        method: null,
        native: false
      }
    ],
    req: {
      url: '/api/v1/jobs?status=all&jobType=all&sort=latest&page=1&limit=10',
      headers: {
        host: 'localhost:5100',
        connection: 'keep-alive',
        'sec-ch-ua': '"Not_A Brand";v="8", "Chromium";v="120", "Google Chrome";v="120"',
        accept: '*/*',
        'sec-ch-ua-mobile': '?0',
        'user-agent': 'Mozilla/5.0 (Windows NT 10.0; Win64; x64) AppleWebKit/537.36 (KHTML, like Gecko) Chrome/120.0.0.0 Safari/537.36',
        'sec-ch-ua-platform': '"Windows"',
        'sec-fetch-site': 'same-origin',
        'sec-fetch-mode': 'cors',
        'sec-fetch-dest': 'empty',
        'accept-encoding': 'gzip, deflate, br',
        'accept-language': 'en-US,en;q=0.9,vi;q=0.8'
      },
      method: 'GET',
      httpVersion: '1.1',
      originalUrl: '/api/v1/jobs?status=all&jobType=all&sort=latest&page=1&limit=10',
      query: {
        status: 'all',
        jobType: 'all',
        sort: 'latest',
        page: '1',
        limit: '10'
      }
    }
  },
  level: 'error',
  message: 'middlewareError',
  timestamp: '1/12/2024, 9:55:54 P1'
}
{
  meta: {
    error: UnauthenticatedError: authentication invalid
        at authenticateUser (file:///D:/Coding/nodejs/jobify/src/middleware/authentication.js:9:26)
        at newFn (D:\Coding\nodejs\jobify\node_modules\express-async-errors\index.js:16:20)
        at Layer.handle [as handle_request] (D:\Coding\nodejs\jobify\node_modules\express\lib\router\layer.js:95:5)
        at trim_prefix (D:\Coding\nodejs\jobify\node_modules\express\lib\router\index.js:328:13)
        at D:\Coding\nodejs\jobify\node_modules\express\lib\router\index.js:286:9
        at Function.process_params (D:\Coding\nodejs\jobify\node_modules\express\lib\router\index.js:346:12)
        at next (D:\Coding\nodejs\jobify\node_modules\express\lib\router\index.js:280:10)
        at Function.handle (D:\Coding\nodejs\jobify\node_modules\express\lib\router\index.js:175:3)
        at router (D:\Coding\nodejs\jobify\node_modules\express\lib\router\index.js:47:12)
        at newFn (D:\Coding\nodejs\jobify\node_modules\express-async-errors\index.js:16:20) {
      statusCode: 401
    },
    level: 'error',
    message: 'uncaughtException: authentication invalid\n' +
      'UnauthenticatedError: authentication invalid\n' +
      '    at authenticateUser (file:///D:/Coding/nodejs/jobify/src/middleware/authentication.js:9:26)\n' +
      '    at newFn (D:\\Coding\\nodejs\\jobify\\node_modules\\express-async-errors\\index.js:16:20)\n' +
      '    at Layer.handle [as handle_request] (D:\\Coding\\nodejs\\jobify\\node_modules\\express\\lib\\router\\layer.js:95:5)\n' +
      '    at trim_prefix (D:\\Coding\\nodejs\\jobify\\node_modules\\express\\lib\\router\\index.js:328:13)\n' +
      '    at D:\\Coding\\nodejs\\jobify\\node_modules\\express\\lib\\router\\index.js:286:9\n' +
      '    at Function.process_params (D:\\Coding\\nodejs\\jobify\\node_modules\\express\\lib\\router\\index.js:346:12)\n' +
      '    at next (D:\\Coding\\nodejs\\jobify\\node_modules\\express\\lib\\router\\index.js:280:10)\n' +
      '    at Function.handle (D:\\Coding\\nodejs\\jobify\\node_modules\\express\\lib\\router\\index.js:175:3)\n' +
      '    at router (D:\\Coding\\nodejs\\jobify\\node_modules\\express\\lib\\router\\index.js:47:12)\n' +
      '    at newFn (D:\\Coding\\nodejs\\jobify\\node_modules\\express-async-errors\\index.js:16:20)',
    stack: 'UnauthenticatedError: authentication invalid\n' +
      '    at authenticateUser (file:///D:/Coding/nodejs/jobify/src/middleware/authentication.js:9:26)\n' +
      '    at newFn (D:\\Coding\\nodejs\\jobify\\node_modules\\express-async-errors\\index.js:16:20)\n' +
      '    at Layer.handle [as handle_request] (D:\\Coding\\nodejs\\jobify\\node_modules\\express\\lib\\router\\layer.js:95:5)\n' +
      '    at trim_prefix (D:\\Coding\\nodejs\\jobify\\node_modules\\express\\lib\\router\\index.js:328:13)\n' +
      '    at D:\\Coding\\nodejs\\jobify\\node_modules\\express\\lib\\router\\index.js:286:9\n' +
      '    at Function.process_params (D:\\Coding\\nodejs\\jobify\\node_modules\\express\\lib\\router\\index.js:346:12)\n' +
      '    at next (D:\\Coding\\nodejs\\jobify\\node_modules\\express\\lib\\router\\index.js:280:10)\n' +
      '    at Function.handle (D:\\Coding\\nodejs\\jobify\\node_modules\\express\\lib\\router\\index.js:175:3)\n' +
      '    at router (D:\\Coding\\nodejs\\jobify\\node_modules\\express\\lib\\router\\index.js:47:12)\n' +
      '    at newFn (D:\\Coding\\nodejs\\jobify\\node_modules\\express-async-errors\\index.js:16:20)',
    exception: true,
    date: 'Fri Jan 12 2024 22:04:56 GMT+0700 (Indochina Time)',
    process: {
      pid: 10836,
      uid: null,
      gid: null,
      cwd: 'D:\\Coding\\nodejs\\jobify',
      execPath: 'C:\\Users\\Acer\\scoop\\apps\\nvm\\current\\nodejs\\nodejs\\node.exe',
      version: 'v18.19.0',
      argv: [
        'C:\\Users\\Acer\\scoop\\apps\\nvm\\current\\nodejs\\nodejs\\node.exe',
        'D:\\Coding\\nodejs\\jobify\\src\\server.js'
      ],
      memoryUsage: {
        rss: 74158080,
        heapTotal: 29073408,
        heapUsed: 26942840,
        external: 22494503,
        arrayBuffers: 20834706
      }
    },
    os: { loadavg: [ 0, 0, 0 ], uptime: 799648 },
    trace: [
      {
        column: 26,
        file: 'file:///D:/Coding/nodejs/jobify/src/middleware/authentication.js',
        function: 'authenticateUser',
        line: 9,
        method: null,
        native: false
      },
      {
        column: 20,
        file: 'D:\\Coding\\nodejs\\jobify\\node_modules\\express-async-errors\\index.js',
        function: 'newFn',
        line: 16,
        method: null,
        native: false
      },
      {
        column: 5,
        file: 'D:\\Coding\\nodejs\\jobify\\node_modules\\express\\lib\\router\\layer.js',
        function: 'Layer.handle [as handle_request]',
        line: 95,
        method: 'handle [as handle_request]',
        native: false
      },
      {
        column: 13,
        file: 'D:\\Coding\\nodejs\\jobify\\node_modules\\express\\lib\\router\\index.js',
        function: 'trim_prefix',
        line: 328,
        method: null,
        native: false
      },
      {
        column: 9,
        file: 'D:\\Coding\\nodejs\\jobify\\node_modules\\express\\lib\\router\\index.js',
        function: null,
        line: 286,
        method: null,
        native: false
      },
      {
        column: 12,
        file: 'D:\\Coding\\nodejs\\jobify\\node_modules\\express\\lib\\router\\index.js',
        function: 'Function.process_params',
        line: 346,
        method: 'process_params',
        native: false
      },
      {
        column: 10,
        file: 'D:\\Coding\\nodejs\\jobify\\node_modules\\express\\lib\\router\\index.js',
        function: 'next',
        line: 280,
        method: null,
        native: false
      },
      {
        column: 3,
        file: 'D:\\Coding\\nodejs\\jobify\\node_modules\\express\\lib\\router\\index.js',
        function: 'Function.handle',
        line: 175,
        method: 'handle',
        native: false
      },
      {
        column: 12,
        file: 'D:\\Coding\\nodejs\\jobify\\node_modules\\express\\lib\\router\\index.js',
        function: 'router',
        line: 47,
        method: null,
        native: false
      },
      {
        column: 20,
        file: 'D:\\Coding\\nodejs\\jobify\\node_modules\\express-async-errors\\index.js',
        function: 'newFn',
        line: 16,
        method: null,
        native: false
      }
    ],
    req: {
      url: '/api/v1/jobs?status=all&jobType=all&sort=latest&page=1&limit=10',
      headers: {
        host: 'localhost:5100',
        connection: 'keep-alive',
        'sec-ch-ua': '"Not_A Brand";v="8", "Chromium";v="120", "Google Chrome";v="120"',
        accept: '*/*',
        'sec-ch-ua-mobile': '?0',
        'user-agent': 'Mozilla/5.0 (Windows NT 10.0; Win64; x64) AppleWebKit/537.36 (KHTML, like Gecko) Chrome/120.0.0.0 Safari/537.36',
        'sec-ch-ua-platform': '"Windows"',
        'sec-fetch-site': 'same-origin',
        'sec-fetch-mode': 'cors',
        'sec-fetch-dest': 'empty',
        'accept-encoding': 'gzip, deflate, br',
        'accept-language': 'en-US,en;q=0.9,vi;q=0.8',
        'if-none-match': 'W/"b72-Qs1dUpONB/RAsYCy/wNwTJpYOjs"'
      },
      method: 'GET',
      httpVersion: '1.1',
      originalUrl: '/api/v1/jobs?status=all&jobType=all&sort=latest&page=1&limit=10',
      query: {
        status: 'all',
        jobType: 'all',
        sort: 'latest',
        page: '1',
        limit: '10'
      }
    }
  },
  level: 'error',
  message: 'middlewareError',
  timestamp: '1/12/2024, 10:04:19 P1'
}
